Arguments: 
  /home/gromon/.nvm/versions/node/v14.17.1/bin/node /home/gromon/.yarn/bin/yarn.js add -D @testing-library/react/cleanup-after-each

PATH: 
  /home/gromon/.yarn/bin:/home/gromon/.config/yarn/global/node_modules/.bin:/home/gromon/.yarn/bin:/home/gromon/.config/yarn/global/node_modules/.bin:/home/gromon/.nvm/versions/node/v14.17.1/bin:/home/gromon/.local/bin:/usr/local/sbin:/usr/local/bin:/usr/sbin:/usr/bin:/sbin:/bin:/usr/games:/usr/local/games:/snap/bin

Yarn version: 
  1.22.17

Node version: 
  14.17.1

Platform: 
  linux x64

Trace: 
  Error: https://registry.yarnpkg.com/@testing-library%2freact/cleanup-after-each: Request "https://registry.yarnpkg.com/@testing-library%2freact/cleanup-after-each" returned a 405
      at Request.params.callback [as _callback] (/home/gromon/.yarn/lib/cli.js:67038:18)
      at Request.self.callback (/home/gromon/.yarn/lib/cli.js:140883:22)
      at Request.emit (events.js:375:28)
      at Request.<anonymous> (/home/gromon/.yarn/lib/cli.js:141855:10)
      at Request.emit (events.js:375:28)
      at IncomingMessage.<anonymous> (/home/gromon/.yarn/lib/cli.js:141777:12)
      at Object.onceWrapper (events.js:481:28)
      at IncomingMessage.emit (events.js:387:35)
      at endReadableNT (internal/streams/readable.js:1317:12)
      at processTicksAndRejections (internal/process/task_queues.js:82:21)

npm manifest: 
  {
    "name": "qovery-console",
    "version": "0.0.0",
    "license": "MIT",
    "scripts": {
      "start": "nx serve",
      "storybook": "nx storybook shared-ui",
      "build": "npx nx build",
      "test": "nx test"
    },
    "private": true,
    "dependencies": {
      "@auth0/auth0-react": "^1.9.0",
      "@nrwl/cli": "13.8.5",
      "@nrwl/cypress": "13.8.5",
      "@nrwl/devkit": "13.8.5",
      "@nrwl/eslint-plugin-nx": "13.8.5",
      "@nrwl/linter": "13.8.5",
      "@nrwl/nx-cloud": "13.1.6",
      "@nrwl/storybook": "13.8.5",
      "@nrwl/tao": "13.8.5",
      "@nrwl/workspace": "13.8.5",
      "@reach/listbox": "^0.16.2",
      "@reduxjs/toolkit": "^1.7.2",
      "@types/react": "17.0.30",
      "@types/react-dom": "17.0.9",
      "@types/react-router-dom": "5.3.1",
      "autoprefixer": "^10.4.2",
      "axios": "^0.25.0",
      "core-js": "^3.6.5",
      "postcss": "^8.4.6",
      "react": "17.0.2",
      "react-dom": "17.0.2",
      "react-redux": "^7.2.6",
      "react-router-dom": "^6.2.1",
      "regenerator-runtime": "0.13.7",
      "tailwindcss": "^3.0.18",
      "tslib": "^2.0.0"
    },
    "devDependencies": {
      "@babel/core": "^7.17.0",
      "@babel/plugin-proposal-class-properties": "^7.16.7",
      "@babel/plugin-proposal-private-methods": "^7.16.11",
      "@babel/plugin-proposal-private-property-in-object": "^7.16.7",
      "@babel/preset-env": "^7.16.11",
      "@babel/preset-react": "^7.16.7",
      "@babel/preset-typescript": "^7.16.7",
      "@nrwl/cli": "13.7.2",
      "@nrwl/cypress": "13.7.2",
      "@nrwl/devkit": "13.7.2",
      "@nrwl/eslint-plugin-nx": "13.7.2",
      "@nrwl/jest": "13.7.2",
      "@nrwl/linter": "13.7.2",
      "@nrwl/nx-cloud": "latest",
      "@nrwl/react": "13.7.2",
      "@nrwl/storybook": "^13.7.2",
      "@nrwl/tao": "13.7.2",
      "@nrwl/web": "13.7.2",
      "@nrwl/workspace": "13.7.2",
      "@storybook/addon-essentials": "^6.4.18",
      "@storybook/addon-knobs": "^6.4.0",
      "@storybook/builder-webpack5": "~6.4.12",
      "@storybook/manager-webpack5": "~6.4.12",
      "@storybook/react": "~6.4.12",
      "@svgr/webpack": "^5.4.0",
      "@testing-library/jest-dom": "^5.16.2",
      "@testing-library/react": "12.1.2",
      "@testing-library/react-hooks": "^7.0.2",
      "@types/chance": "^1.1.3",
      "@types/faker": "^6.6.9",
      "@types/jest": "27.0.2",
      "@types/node": "16.11.7",
      "@types/react": "17.0.30",
      "@types/react-dom": "17.0.9",
      "@types/react-router-dom": "5.3.1",
      "@types/redux-mock-store": "^1.0.3",
      "@typescript-eslint/eslint-plugin": "~5.10.0",
      "@typescript-eslint/parser": "~5.10.0",
      "babel-jest": "^27.2.3",
      "babel-loader": "^8.1.0",
      "chance": "^1.1.8",
      "cypress": "^9.1.0",
      "eslint": "~8.7.0",
      "eslint-config-prettier": "8.1.0",
      "eslint-plugin-cypress": "^2.10.3",
      "eslint-plugin-import": "2.25.2",
      "eslint-plugin-jsx-a11y": "6.5.1",
      "eslint-plugin-react": "7.27.0",
      "eslint-plugin-react-hooks": "4.3.0",
      "faker": "^6.6.6",
      "history": "^5.2.0",
      "identity-obj-proxy": "^3.0.0",
      "jest": "27.2.3",
      "jest-scss-transform": "^1.0.1",
      "msw": "^0.38.1",
      "prettier": "^2.5.1",
      "react-test-renderer": "17.0.2",
      "redux-mock-store": "^1.5.4",
      "ts-jest": "27.0.5",
      "typescript": "~4.5.2",
      "url-loader": "^3.0.0"
    }
  }

yarn manifest: 
  No manifest

Lockfile: 
  No lockfile
